<?xml version="1.0" encoding="UTF-8"?>
<testsuite xmlns:xsi="http://www.w3.org/2001/XMLSchema-instance" xsi:noNamespaceSchemaLocation="https://maven.apache.org/surefire/maven-surefire-plugin/xsd/surefire-test-report-3.0.xsd" version="3.0" name="org.springframework.samples.petclinic.service.ClinicServiceTests" time="0.477" tests="11" errors="0" skipped="0" failures="0">
  <properties>
[...]
</properties>
  <testcase name="shouldFindVets" classname="org.springframework.samples.petclinic.service.ClinicServiceTests" time="0.019">
    <system-out><![CDATA[2024-01-30T18:05:07.260+05:30  INFO 10792 --- [           main] t.c.s.AnnotationConfigContextLoaderUtils : Could not detect default configuration classes for test class [org.springframework.samples.petclinic.service.ClinicServiceTests]: ClinicServiceTests does not declare any static, non-private, non-final, nested classes annotated with @Configuration.
2024-01-30T18:05:07.269+05:30  INFO 10792 --- [           main] .b.t.c.SpringBootTestContextBootstrapper : Found @SpringBootConfiguration org.springframework.samples.petclinic.PetClinicApplication for test class org.springframework.samples.petclinic.service.ClinicServiceTests
2024-01-30T18:05:07.272+05:30  INFO 10792 --- [           main] o.s.b.d.r.RestartApplicationListener     : Restart disabled due to context in which it is running


              |\      _,,,--,,_
             /,`.-'`'   ._  \-;;,_
  _______ __|,4-  ) )_   .;.(__`'-'__     ___ __    _ ___ _______
 |       | '---''(_/._)-'(_\_)   |   |   |   |  |  | |   |       |
 |    _  |    ___|_     _|       |   |   |   |   |_| |   |       | __ _ _
 |   |_| |   |___  |   | |       |   |   |   |       |   |       | \ \ \ \
 |    ___|    ___| |   | |      _|   |___|   |  _    |   |      _|  \ \ \ \
 |   |   |   |___  |   | |     |_|       |   | | |   |   |     |_    ) ) ) )
 |___|   |_______| |___| |_______|_______|___|_|  |__|___|_______|  / / / /
 ==================================================================/_/_/_/

:: Built with Spring Boot :: 3.1.8


2024-01-30T18:05:07.285+05:30  INFO 10792 --- [           main] o.s.s.p.service.ClinicServiceTests       : Starting ClinicServiceTests using Java 17.0.7 with PID 10792 (started by manoja k pattanaik in C:\Users\manoja k pattanaik\git\petclinic-jenkins-pipeline)
2024-01-30T18:05:07.285+05:30  INFO 10792 --- [           main] o.s.s.p.service.ClinicServiceTests       : No active profile set, falling back to 1 default profile: "default"
2024-01-30T18:05:07.333+05:30  INFO 10792 --- [           main] .s.d.r.c.RepositoryConfigurationDelegate : Bootstrapping Spring Data JPA repositories in DEFAULT mode.
2024-01-30T18:05:07.341+05:30  INFO 10792 --- [           main] .s.d.r.c.RepositoryConfigurationDelegate : Finished Spring Data repository scanning in 7 ms. Found 4 JPA repository interfaces.
2024-01-30T18:05:07.350+05:30  INFO 10792 --- [           main] beddedDataSourceBeanFactoryPostProcessor : Replacing 'dataSource' DataSource bean with embedded version
2024-01-30T18:05:07.365+05:30  INFO 10792 --- [           main] o.s.j.d.e.EmbeddedDatabaseFactory        : Starting embedded database: url='jdbc:hsqldb:mem:62f1251d-15a9-4242-bf84-f92cf2703f6d', username='sa'
2024-01-30T18:05:07.406+05:30  INFO 10792 --- [           main] o.hibernate.jpa.internal.util.LogHelper  : HHH000204: Processing PersistenceUnitInfo [name: default]
2024-01-30T18:05:07.410+05:30  INFO 10792 --- [           main] o.s.o.j.p.SpringPersistenceUnitInfo      : No LoadTimeWeaver setup: ignoring JPA class transformer
2024-01-30T18:05:07.488+05:30  INFO 10792 --- [           main] o.h.e.t.j.p.i.JtaPlatformInitiator       : HHH000489: No JTA platform available (set 'hibernate.transaction.jta.platform' to enable JTA platform integration)
2024-01-30T18:05:07.488+05:30  INFO 10792 --- [           main] j.LocalContainerEntityManagerFactoryBean : Initialized JPA EntityManagerFactory for persistence unit 'default'
2024-01-30T18:05:07.522+05:30  INFO 10792 --- [           main] o.s.s.p.service.ClinicServiceTests       : Started ClinicServiceTests in 0.25 seconds (process running for 13.503)
Hibernate: select v1_0.id,v1_0.first_name,v1_0.last_name from vets v1_0
Hibernate: select s1_0.vet_id,s1_1.id,s1_1.name from vet_specialties s1_0 join specialties s1_1 on s1_1.id=s1_0.specialty_id where s1_0.vet_id=?
Hibernate: select s1_0.vet_id,s1_1.id,s1_1.name from vet_specialties s1_0 join specialties s1_1 on s1_1.id=s1_0.specialty_id where s1_0.vet_id=?
Hibernate: select s1_0.vet_id,s1_1.id,s1_1.name from vet_specialties s1_0 join specialties s1_1 on s1_1.id=s1_0.specialty_id where s1_0.vet_id=?
Hibernate: select s1_0.vet_id,s1_1.id,s1_1.name from vet_specialties s1_0 join specialties s1_1 on s1_1.id=s1_0.specialty_id where s1_0.vet_id=?
Hibernate: select s1_0.vet_id,s1_1.id,s1_1.name from vet_specialties s1_0 join specialties s1_1 on s1_1.id=s1_0.specialty_id where s1_0.vet_id=?
Hibernate: select s1_0.vet_id,s1_1.id,s1_1.name from vet_specialties s1_0 join specialties s1_1 on s1_1.id=s1_0.specialty_id where s1_0.vet_id=?
]]></system-out>
  </testcase>
  <testcase name="shouldFindOwnersByLastName" classname="org.springframework.samples.petclinic.service.ClinicServiceTests" time="0.057">
    <system-out><![CDATA[Hibernate: select distinct o1_0.id,o1_0.address,o1_0.city,o1_0.first_name,o1_0.last_name,p1_0.owner_id,p1_0.id,p1_0.birth_date,p1_0.name,p1_0.type_id,o1_0.telephone from owners o1_0 left join pets p1_0 on o1_0.id=p1_0.owner_id where o1_0.last_name like ?
Hibernate: select p1_0.id,p1_0.name from types p1_0 where p1_0.id=?
Hibernate: select p1_0.id,p1_0.name from types p1_0 where p1_0.id=?
Hibernate: select distinct o1_0.id,o1_0.address,o1_0.city,o1_0.first_name,o1_0.last_name,p1_0.owner_id,p1_0.id,p1_0.birth_date,p1_0.name,p1_0.type_id,o1_0.telephone from owners o1_0 left join pets p1_0 on o1_0.id=p1_0.owner_id where o1_0.last_name like ?
]]></system-out>
  </testcase>
  <testcase name="shouldAddNewVisitForPet" classname="org.springframework.samples.petclinic.service.ClinicServiceTests" time="0.051">
    <system-out><![CDATA[Hibernate: select p1_0.id,p1_0.birth_date,p1_0.name,o1_0.id,o1_0.address,o1_0.city,o1_0.first_name,o1_0.last_name,o1_0.telephone,t1_0.id,t1_0.name from pets p1_0 left join owners o1_0 on o1_0.id=p1_0.owner_id left join types t1_0 on t1_0.id=p1_0.type_id where p1_0.id=?
Hibernate: insert into visits (visit_date,description,pet_id,id) values (?,?,?,default)
]]></system-out>
  </testcase>
  <testcase name="shouldUpdateOwner" classname="org.springframework.samples.petclinic.service.ClinicServiceTests" time="0.023">
    <system-out><![CDATA[Hibernate: select o1_0.id,o1_0.address,o1_0.city,o1_0.first_name,o1_0.last_name,p1_0.owner_id,p1_0.id,p1_0.birth_date,p1_0.name,p1_0.type_id,o1_0.telephone from owners o1_0 left join pets p1_0 on o1_0.id=p1_0.owner_id where o1_0.id=?
Hibernate: select p1_0.id,p1_0.name from types p1_0 where p1_0.id=?
Hibernate: update owners set address=?,city=?,first_name=?,last_name=?,telephone=? where id=?
Hibernate: select o1_0.id,o1_0.address,o1_0.city,o1_0.first_name,o1_0.last_name,p1_0.owner_id,p1_0.id,p1_0.birth_date,p1_0.name,p1_0.type_id,o1_0.telephone from owners o1_0 left join pets p1_0 on o1_0.id=p1_0.owner_id where o1_0.id=?
]]></system-out>
  </testcase>
  <testcase name="shouldFindVisitsByPetId" classname="org.springframework.samples.petclinic.service.ClinicServiceTests" time="0.009">
    <system-out><![CDATA[Hibernate: select v1_0.id,v1_0.visit_date,v1_0.description,v1_0.pet_id from visits v1_0 where v1_0.pet_id=?
]]></system-out>
  </testcase>
  <testcase name="shouldInsertPetIntoDatabaseAndGenerateId" classname="org.springframework.samples.petclinic.service.ClinicServiceTests" time="0.016">
    <system-out><![CDATA[Hibernate: select o1_0.id,o1_0.address,o1_0.city,o1_0.first_name,o1_0.last_name,p1_0.owner_id,p1_0.id,p1_0.birth_date,p1_0.name,p1_0.type_id,o1_0.telephone from owners o1_0 left join pets p1_0 on o1_0.id=p1_0.owner_id where o1_0.id=?
Hibernate: select p1_0.id,p1_0.name from types p1_0 where p1_0.id=?
Hibernate: select p1_0.id,p1_0.name from types p1_0 order by p1_0.name
Hibernate: insert into pets (birth_date,name,owner_id,type_id,id) values (?,?,?,?,default)
Hibernate: select o1_0.id,o1_0.address,o1_0.city,o1_0.first_name,o1_0.last_name,p1_0.owner_id,p1_0.id,p1_0.birth_date,p1_0.name,p1_0.type_id,o1_0.telephone from owners o1_0 left join pets p1_0 on o1_0.id=p1_0.owner_id where o1_0.id=?
]]></system-out>
  </testcase>
  <testcase name="shouldInsertOwner" classname="org.springframework.samples.petclinic.service.ClinicServiceTests" time="0.007">
    <system-out><![CDATA[Hibernate: select distinct o1_0.id,o1_0.address,o1_0.city,o1_0.first_name,o1_0.last_name,p1_0.owner_id,p1_0.id,p1_0.birth_date,p1_0.name,p1_0.type_id,o1_0.telephone from owners o1_0 left join pets p1_0 on o1_0.id=p1_0.owner_id where o1_0.last_name like ?
Hibernate: insert into owners (address,city,first_name,last_name,telephone,id) values (?,?,?,?,?,default)
Hibernate: select distinct o1_0.id,o1_0.address,o1_0.city,o1_0.first_name,o1_0.last_name,p1_0.owner_id,p1_0.id,p1_0.birth_date,p1_0.name,p1_0.type_id,o1_0.telephone from owners o1_0 left join pets p1_0 on o1_0.id=p1_0.owner_id where o1_0.last_name like ?
]]></system-out>
  </testcase>
  <testcase name="shouldFindSingleOwnerWithPet" classname="org.springframework.samples.petclinic.service.ClinicServiceTests" time="0.008">
    <system-out><![CDATA[Hibernate: select o1_0.id,o1_0.address,o1_0.city,o1_0.first_name,o1_0.last_name,p1_0.owner_id,p1_0.id,p1_0.birth_date,p1_0.name,p1_0.type_id,o1_0.telephone from owners o1_0 left join pets p1_0 on o1_0.id=p1_0.owner_id where o1_0.id=?
Hibernate: select p1_0.id,p1_0.name from types p1_0 where p1_0.id=?
]]></system-out>
  </testcase>
  <testcase name="shouldUpdatePetName" classname="org.springframework.samples.petclinic.service.ClinicServiceTests" time="0.004">
    <system-out><![CDATA[Hibernate: select p1_0.id,p1_0.birth_date,p1_0.name,o1_0.id,o1_0.address,o1_0.city,o1_0.first_name,o1_0.last_name,o1_0.telephone,t1_0.id,t1_0.name from pets p1_0 left join owners o1_0 on o1_0.id=p1_0.owner_id left join types t1_0 on t1_0.id=p1_0.type_id where p1_0.id=?
]]></system-out>
  </testcase>
  <testcase name="shouldFindAllPetTypes" classname="org.springframework.samples.petclinic.service.ClinicServiceTests" time="0.004">
    <system-out><![CDATA[Hibernate: select p1_0.id,p1_0.name from types p1_0 order by p1_0.name
]]></system-out>
  </testcase>
  <testcase name="shouldFindPetWithCorrectId" classname="org.springframework.samples.petclinic.service.ClinicServiceTests" time="0.004">
    <system-out><![CDATA[Hibernate: select p1_0.id,p1_0.birth_date,p1_0.name,o1_0.id,o1_0.address,o1_0.city,o1_0.first_name,o1_0.last_name,o1_0.telephone,t1_0.id,t1_0.name from pets p1_0 left join owners o1_0 on o1_0.id=p1_0.owner_id left join types t1_0 on t1_0.id=p1_0.type_id where p1_0.id=?
]]></system-out>
  </testcase>
</testsuite>